# JRE version: OpenJDK Runtime Environment (11.0.10) (build 11.0.10+0-b96-7249189)
# Java VM: OpenJDK 64-Bit Server VM (11.0.10+0-b96-7249189, mixed mode, tiered, compressed oops, g1 gc, windows-amd64)
Heap:
 garbage-first heap   total 1092608K, used 317696K [0x0000000080000000, 0x0000000100000000)
  region size 1024K, 12 young (12288K), 12 survivors (12288K)
 Metaspace       used 166432K, capacity 172105K, committed 172204K, reserved 1198080K
  class space    used 20925K, capacity 22952K, committed 23040K, reserved 1048576K
GC Heap History (20 events):
Event: 1111.039 GC heap after
{Heap after GC invocations=157 (full 0):
 garbage-first heap   total 227328K, used 161817K [0x0000000080000000, 0x0000000100000000)
  region size 1024K, 2 young (2048K), 2 survivors (2048K)
 Metaspace       used 164863K, capacity 170390K, committed 170412K, reserved 1198080K
  class space    used 20805K, capacity 22778K, committed 22784K, reserved 1048576K
}
Event: 1111.105 GC heap before
{Heap before GC invocations=157 (full 0):
 garbage-first heap   total 227328K, used 165913K [0x0000000080000000, 0x0000000100000000)
  region size 1024K, 7 young (7168K), 2 survivors (2048K)
 Metaspace       used 164945K, capacity 170501K, committed 170796K, reserved 1198080K
  class space    used 20821K, capacity 22808K, committed 22912K, reserved 1048576K
}
Event: 1111.108 GC heap after
{Heap after GC invocations=158 (full 0):
 garbage-first heap   total 227328K, used 162090K [0x0000000080000000, 0x0000000100000000)
  region size 1024K, 2 young (2048K), 2 survivors (2048K)
 Metaspace       used 164945K, capacity 170501K, committed 170796K, reserved 1198080K
  class space    used 20821K, capacity 22808K, committed 22912K, reserved 1048576K
}
Event: 1111.315 GC heap before
{Heap before GC invocations=159 (full 0):
 garbage-first heap   total 230400K, used 228650K [0x0000000080000000, 0x0000000100000000)
  region size 1024K, 20 young (20480K), 2 survivors (2048K)
 Metaspace       used 165214K, capacity 170816K, committed 171052K, reserved 1198080K
  class space    used 20851K, capacity 22868K, committed 22912K, reserved 1048576K
}
Event: 1111.324 GC heap after
{Heap after GC invocations=160 (full 0):
 garbage-first heap   total 288768K, used 203433K [0x0000000080000000, 0x0000000100000000)
  region size 1024K, 4 young (4096K), 4 survivors (4096K)
 Metaspace       used 165214K, capacity 170816K, committed 171052K, reserved 1198080K
  class space    used 20851K, capacity 22868K, committed 22912K, reserved 1048576K
}
Event: 1111.368 GC heap before
{Heap before GC invocations=160 (full 0):
 garbage-first heap   total 288768K, used 212649K [0x0000000080000000, 0x0000000100000000)
  region size 1024K, 14 young (14336K), 4 survivors (4096K)
 Metaspace       used 165449K, capacity 171042K, committed 171308K, reserved 1198080K
  class space    used 20874K, capacity 22900K, committed 22912K, reserved 1048576K
}
Event: 1111.379 GC heap after
{Heap after GC invocations=161 (full 0):
 garbage-first heap   total 288768K, used 207106K [0x0000000080000000, 0x0000000100000000)
  region size 1024K, 2 young (2048K), 2 survivors (2048K)
 Metaspace       used 165449K, capacity 171042K, committed 171308K, reserved 1198080K
  class space    used 20874K, capacity 22900K, committed 22912K, reserved 1048576K
}
Event: 1111.457 GC heap before
{Heap before GC invocations=161 (full 0):
 garbage-first heap   total 288768K, used 228610K [0x0000000080000000, 0x0000000100000000)
  region size 1024K, 24 young (24576K), 2 survivors (2048K)
 Metaspace       used 165450K, capacity 171042K, committed 171308K, reserved 1198080K
  class space    used 20874K, capacity 22900K, committed 22912K, reserved 1048576K
}
Event: 1111.469 GC heap after
{Heap after GC invocations=162 (full 0):
 garbage-first heap   total 288768K, used 215993K [0x0000000080000000, 0x0000000100000000)
  region size 1024K, 4 young (4096K), 4 survivors (4096K)
 Metaspace       used 165450K, capacity 171042K, committed 171308K, reserved 1198080K
  class space    used 20874K, capacity 22900K, committed 22912K, reserved 1048576K
}
Event: 1111.607 GC heap before
{Heap before GC invocations=162 (full 0):
 garbage-first heap   total 288768K, used 238521K [0x0000000080000000, 0x0000000100000000)
  region size 1024K, 25 young (25600K), 4 survivors (4096K)
 Metaspace       used 165450K, capacity 171042K, committed 171308K, reserved 1198080K
  class space    used 20874K, capacity 22900K, committed 22912K, reserved 1048576K
}
Event: 1111.623 GC heap after
{Heap after GC invocations=163 (full 0):
 garbage-first heap   total 288768K, used 225629K [0x0000000080000000, 0x0000000100000000)
  region size 1024K, 4 young (4096K), 4 survivors (4096K)
 Metaspace       used 165450K, capacity 171042K, committed 171308K, reserved 1198080K
  class space    used 20874K, capacity 22900K, committed 22912K, reserved 1048576K
}
Event: 1111.699 GC heap before
{Heap before GC invocations=164 (full 0):
 garbage-first heap   total 288768K, used 240989K [0x0000000080000000, 0x0000000100000000)
  region size 1024K, 20 young (20480K), 4 survivors (4096K)
 Metaspace       used 165703K, capacity 171312K, committed 171564K, reserved 1198080K
  class space    used 20885K, capacity 22903K, committed 22912K, reserved 1048576K
}
Event: 1111.717 GC heap after
{Heap after GC invocations=165 (full 0):
 garbage-first heap   total 577536K, used 233472K [0x0000000080000000, 0x0000000100000000)
  region size 1024K, 3 young (3072K), 3 survivors (3072K)
 Metaspace       used 165703K, capacity 171312K, committed 171564K, reserved 1198080K
  class space    used 20885K, capacity 22903K, committed 22912K, reserved 1048576K
}
Event: 1111.970 GC heap before
{Heap before GC invocations=165 (full 0):
 garbage-first heap   total 577536K, used 336896K [0x0000000080000000, 0x0000000100000000)
  region size 1024K, 105 young (107520K), 3 survivors (3072K)
 Metaspace       used 165881K, capacity 171448K, committed 171564K, reserved 1198080K
  class space    used 20889K, capacity 22903K, committed 22912K, reserved 1048576K
}
Event: 1112.039 GC heap after
{Heap after GC invocations=166 (full 0):
 garbage-first heap   total 577536K, used 284672K [0x0000000080000000, 0x0000000100000000)
  region size 1024K, 14 young (14336K), 14 survivors (14336K)
 Metaspace       used 165881K, capacity 171448K, committed 171564K, reserved 1198080K
  class space    used 20889K, capacity 22903K, committed 22912K, reserved 1048576K
}
Event: 1112.511 GC heap before
{Heap before GC invocations=167 (full 0):
 garbage-first heap   total 577536K, used 372736K [0x0000000080000000, 0x0000000100000000)
  region size 1024K, 101 young (103424K), 14 survivors (14336K)
 Metaspace       used 166253K, capacity 171889K, committed 172204K, reserved 1198080K
  class space    used 20925K, capacity 22953K, committed 23040K, reserved 1048576K
}
Event: 1112.547 GC heap after
{Heap after GC invocations=168 (full 0):
 garbage-first heap   total 577536K, used 310272K [0x0000000080000000, 0x0000000100000000)
  region size 1024K, 13 young (13312K), 13 survivors (13312K)
 Metaspace       used 166253K, capacity 171889K, committed 172204K, reserved 1198080K
  class space    used 20925K, capacity 22953K, committed 23040K, reserved 1048576K
}
Event: 1112.784 GC heap before
{Heap before GC invocations=168 (full 0):
 garbage-first heap   total 577536K, used 368640K [0x0000000080000000, 0x0000000100000000)
  region size 1024K, 71 young (72704K), 13 survivors (13312K)
 Metaspace       used 166367K, capacity 172038K, committed 172204K, reserved 1198080K
  class space    used 20925K, capacity 22953K, committed 23040K, reserved 1048576K
}
Event: 1112.806 GC heap after
{Heap after GC invocations=169 (full 0):
 garbage-first heap   total 577536K, used 318274K [0x0000000080000000, 0x0000000100000000)
  region size 1024K, 7 young (7168K), 7 survivors (7168K)
 Metaspace       used 166367K, capacity 172038K, committed 172204K, reserved 1198080K
  class space    used 20925K, capacity 22953K, committed 23040K, reserved 1048576K
}
Event: 1113.587 GC heap before
{Heap before GC invocations=170 (full 0):
 garbage-first heap   total 577536K, used 402242K [0x0000000080000000, 0x0000000100000000)
  region size 1024K, 91 young (93184K), 7 survivors (7168K)
 Metaspace       used 166432K, capacity 172105K, committed 172204K, reserved 1198080K
  class space    used 20925K, capacity 22952K, committed 23040K, reserved 1048576K
}

